[2023-03-03T16:57:29.869] [FATAL] broker - brokerDetailsBasedonId  ^ broker name : Steven Cohen ^ Broker licence status ^ brokerid :12
[2023-03-03T17:15:44.592] [FATAL] broker - brokerDetailsBasedonId  ^ broker name : Jennifer Thaker ^ Broker licence status ^ Licences are found Licence num:undefined province Id :14
[2023-03-03T17:15:44.592] [FATAL] broker - brokerDetailsBasedonId  ^ broker name : Jennifer Thaker ^ Broker licence status ^ Licences are found Licence num:undefined province Id :14
[2023-03-03T17:15:45.033] [FATAL] broker - brokerDetailsBasedonId  ^ broker name : Jennifer Thaker ^ Broker licence status ^ brokerid :71
[2023-03-03T17:15:45.033] [FATAL] broker - brokerDetailsBasedonId  ^ broker name : Jennifer Thaker ^ Broker licence status ^ brokerid :71
[2023-03-07T10:36:07.851] [FATAL] corporate - this is form config
[2023-03-07T10:36:07.851] [FATAL] corporate - this is form config
[2023-03-13T15:42:25.197] [FATAL] broker - brokerDetailsBasedonId  ^ broker name : Gavin Mosley ^ Broker licence status ^ No Licences
[2023-03-13T15:42:25.197] [FATAL] broker - brokerDetailsBasedonId  ^ broker name : Gavin Mosley ^ Broker licence status ^ No Licences
[2023-03-13T15:42:25.640] [FATAL] broker - brokerDetailsBasedonId  ^ broker name : Gavin Mosley ^ Broker licence status ^ brokerid :7
[2023-03-13T15:42:25.640] [FATAL] broker - brokerDetailsBasedonId  ^ broker name : Gavin Mosley ^ Broker licence status ^ brokerid :7
[2023-03-13T16:55:28.944] [FATAL] broker - brokerDetailsBasedonId  ^ broker name : Gavin Mosley ^ Broker licence status ^ Licences are found Licence num:undefined province Id :14
[2023-03-13T16:55:28.944] [FATAL] broker - brokerDetailsBasedonId  ^ broker name : Gavin Mosley ^ Broker licence status ^ Licences are found Licence num:undefined province Id :14
[2023-03-13T16:55:28.948] [FATAL] broker - brokerDetailsBasedonId  ^ broker name : Gavin Mosley ^ Broker licence status ^ 10117176 expired id: Licence num:undefined province Id :12
[2023-03-13T16:55:28.948] [FATAL] broker - brokerDetailsBasedonId  ^ broker name : Gavin Mosley ^ Broker licence status ^ 10117176 expired id: Licence num:undefined province Id :12
[2023-03-13T16:55:28.950] [FATAL] broker - brokerDetailsBasedonId  ^ broker name : Gavin Mosley ^ Broker licence status ^ Licences are found Licence num:undefined province Id :1
[2023-03-13T16:55:28.950] [FATAL] broker - brokerDetailsBasedonId  ^ broker name : Gavin Mosley ^ Broker licence status ^ Licences are found Licence num:undefined province Id :1
[2023-03-13T16:55:28.952] [FATAL] broker - brokerDetailsBasedonId  ^ broker name : Gavin Mosley ^ Broker licence status ^ Licences are found Licence num:undefined province Id :15
[2023-03-13T16:55:28.952] [FATAL] broker - brokerDetailsBasedonId  ^ broker name : Gavin Mosley ^ Broker licence status ^ Licences are found Licence num:undefined province Id :15
[2023-03-13T16:55:28.953] [FATAL] broker - brokerDetailsBasedonId  ^ broker name : Gavin Mosley ^ Broker licence status ^ Licences are found Licence num:undefined province Id :21
[2023-03-13T16:55:28.953] [FATAL] broker - brokerDetailsBasedonId  ^ broker name : Gavin Mosley ^ Broker licence status ^ Licences are found Licence num:undefined province Id :21
[2023-03-13T16:55:28.959] [FATAL] broker - brokerDetailsBasedonId  ^ broker name : Gavin Mosley ^ Broker licence status ^ Licences are found Licence num:undefined province Id :2
[2023-03-13T16:55:28.959] [FATAL] broker - brokerDetailsBasedonId  ^ broker name : Gavin Mosley ^ Broker licence status ^ Licences are found Licence num:undefined province Id :2
[2023-03-13T16:55:28.960] [FATAL] broker - brokerDetailsBasedonId  ^ broker name : Gavin Mosley ^ Broker licence status ^ Licences are found Licence num:undefined province Id :16
[2023-03-13T16:55:28.960] [FATAL] broker - brokerDetailsBasedonId  ^ broker name : Gavin Mosley ^ Broker licence status ^ Licences are found Licence num:undefined province Id :16
[2023-03-13T16:55:28.962] [FATAL] broker - brokerDetailsBasedonId  ^ broker name : Gavin Mosley ^ Broker licence status ^ 210048658 expired id: Licence num:undefined province Id :13
[2023-03-13T16:55:28.962] [FATAL] broker - brokerDetailsBasedonId  ^ broker name : Gavin Mosley ^ Broker licence status ^ 210048658 expired id: Licence num:undefined province Id :13
[2023-03-13T16:55:28.963] [FATAL] broker - brokerDetailsBasedonId  ^ broker name : Gavin Mosley ^ Broker licence status ^ Licences are found Licence num:undefined province Id :17
[2023-03-13T16:55:28.963] [FATAL] broker - brokerDetailsBasedonId  ^ broker name : Gavin Mosley ^ Broker licence status ^ Licences are found Licence num:undefined province Id :17
[2023-03-13T16:55:28.963] [FATAL] broker - brokerDetailsBasedonId  ^ broker name : Gavin Mosley ^ Broker licence status ^ Licences are found Licence num:undefined province Id :18
[2023-03-13T16:55:28.963] [FATAL] broker - brokerDetailsBasedonId  ^ broker name : Gavin Mosley ^ Broker licence status ^ Licences are found Licence num:undefined province Id :18
[2023-03-13T16:55:29.424] [FATAL] broker - brokerDetailsBasedonId  ^ broker name : Gavin Mosley ^ Broker licence status ^ brokerid :7
[2023-03-13T16:55:29.424] [FATAL] broker - brokerDetailsBasedonId  ^ broker name : Gavin Mosley ^ Broker licence status ^ brokerid :7
[2023-03-13T17:00:19.547] [FATAL] broker - brokerDetailsBasedonId  ^ broker name : Karim Kherani ^ Broker licence status ^ No Licences
[2023-03-13T17:00:19.547] [FATAL] broker - brokerDetailsBasedonId  ^ broker name : Karim Kherani ^ Broker licence status ^ No Licences
[2023-03-13T17:00:20.015] [FATAL] broker - brokerDetailsBasedonId  ^ broker name : Karim Kherani ^ Broker licence status ^ brokerid :8
[2023-03-13T17:00:20.015] [FATAL] broker - brokerDetailsBasedonId  ^ broker name : Karim Kherani ^ Broker licence status ^ brokerid :8
[2023-03-13T17:23:45.067] [FATAL] broker - brokerDetailsBasedonId  ^ broker name : Thomas Thorne ^ Broker licence status ^ No Licences
[2023-03-13T17:23:45.067] [FATAL] broker - brokerDetailsBasedonId  ^ broker name : Thomas Thorne ^ Broker licence status ^ No Licences
[2023-03-13T17:23:45.537] [FATAL] broker - brokerDetailsBasedonId  ^ broker name : Thomas Thorne ^ Broker licence status ^ brokerid :9
[2023-03-13T17:23:45.537] [FATAL] broker - brokerDetailsBasedonId  ^ broker name : Thomas Thorne ^ Broker licence status ^ brokerid :9
[2023-03-13T17:46:17.757] [FATAL] broker - brokerDetailsBasedonId  ^ broker name : Colin Keddy ^ Broker licence status ^ No Licences
[2023-03-13T17:46:17.757] [FATAL] broker - brokerDetailsBasedonId  ^ broker name : Colin Keddy ^ Broker licence status ^ No Licences
[2023-03-13T17:46:18.225] [FATAL] broker - brokerDetailsBasedonId  ^ broker name : Colin Keddy ^ Broker licence status ^ brokerid :10
[2023-03-13T17:46:18.225] [FATAL] broker - brokerDetailsBasedonId  ^ broker name : Colin Keddy ^ Broker licence status ^ brokerid :10
[2023-03-13T17:47:38.730] [FATAL] broker - brokerDetailsBasedonId  ^ broker name : Jill Fratpietro ^ Broker licence status ^ No Licences
[2023-03-13T17:47:38.730] [FATAL] broker - brokerDetailsBasedonId  ^ broker name : Jill Fratpietro ^ Broker licence status ^ No Licences
[2023-03-13T17:47:39.206] [FATAL] broker - brokerDetailsBasedonId  ^ broker name : Jill Fratpietro ^ Broker licence status ^ brokerid :11
[2023-03-13T17:47:39.206] [FATAL] broker - brokerDetailsBasedonId  ^ broker name : Jill Fratpietro ^ Broker licence status ^ brokerid :11
[2023-03-13T18:12:10.989] [FATAL] broker - brokerDetailsBasedonId  ^ broker name : Victoria Machakaire ^ Broker licence status ^ No Licences
[2023-03-13T18:12:10.989] [FATAL] broker - brokerDetailsBasedonId  ^ broker name : Victoria Machakaire ^ Broker licence status ^ No Licences
[2023-03-13T18:12:11.456] [FATAL] broker - brokerDetailsBasedonId  ^ broker name : Victoria Machakaire ^ Broker licence status ^ brokerid :13
[2023-03-13T18:12:11.456] [FATAL] broker - brokerDetailsBasedonId  ^ broker name : Victoria Machakaire ^ Broker licence status ^ brokerid :13
[2023-03-13T18:16:28.844] [FATAL] broker - brokerDetailsBasedonId  ^ broker name : Jennifer Kirby ^ Broker licence status ^ No Licences
[2023-03-13T18:16:28.844] [FATAL] broker - brokerDetailsBasedonId  ^ broker name : Jennifer Kirby ^ Broker licence status ^ No Licences
[2023-03-13T18:16:29.316] [FATAL] broker - brokerDetailsBasedonId  ^ broker name : Jennifer Kirby ^ Broker licence status ^ brokerid :4
[2023-03-13T18:16:29.316] [FATAL] broker - brokerDetailsBasedonId  ^ broker name : Jennifer Kirby ^ Broker licence status ^ brokerid :4
[2023-03-13T18:16:39.032] [FATAL] broker - brokerDetailsBasedonId  ^ broker name : Jennifer Kirby ^ Broker licence status ^ No Licences
[2023-03-13T18:16:39.032] [FATAL] broker - brokerDetailsBasedonId  ^ broker name : Jennifer Kirby ^ Broker licence status ^ No Licences
[2023-03-13T18:16:39.526] [FATAL] broker - brokerDetailsBasedonId  ^ broker name : Jennifer Kirby ^ Broker licence status ^ brokerid :14
[2023-03-13T18:16:39.526] [FATAL] broker - brokerDetailsBasedonId  ^ broker name : Jennifer Kirby ^ Broker licence status ^ brokerid :14
[2023-03-13T18:21:35.931] [FATAL] broker - brokerDetailsBasedonId  ^ broker name : Shannon Hughes ^ Broker licence status ^ No Licences
[2023-03-13T18:21:35.931] [FATAL] broker - brokerDetailsBasedonId  ^ broker name : Shannon Hughes ^ Broker licence status ^ No Licences
[2023-03-13T18:21:36.428] [FATAL] broker - brokerDetailsBasedonId  ^ broker name : Shannon Hughes ^ Broker licence status ^ brokerid :15
[2023-03-13T18:21:36.428] [FATAL] broker - brokerDetailsBasedonId  ^ broker name : Shannon Hughes ^ Broker licence status ^ brokerid :15
[2023-03-13T18:22:35.660] [FATAL] broker - brokerDetailsBasedonId  ^ broker name : Richard Sist ^ Broker licence status ^ No Licences
[2023-03-13T18:22:35.660] [FATAL] broker - brokerDetailsBasedonId  ^ broker name : Richard Sist ^ Broker licence status ^ No Licences
[2023-03-13T18:22:36.122] [FATAL] broker - brokerDetailsBasedonId  ^ broker name : Richard Sist ^ Broker licence status ^ brokerid :16
[2023-03-13T18:22:36.122] [FATAL] broker - brokerDetailsBasedonId  ^ broker name : Richard Sist ^ Broker licence status ^ brokerid :16
[2023-03-13T18:29:37.850] [FATAL] broker - brokerDetailsBasedonId  ^ broker name : Rosemary O’Brien ^ Broker licence status ^ No Licences
[2023-03-13T18:29:37.850] [FATAL] broker - brokerDetailsBasedonId  ^ broker name : Rosemary O’Brien ^ Broker licence status ^ No Licences
[2023-03-13T18:29:38.287] [FATAL] broker - brokerDetailsBasedonId  ^ broker name : Rosemary O’Brien ^ Broker licence status ^ brokerid :17
[2023-03-13T18:29:38.287] [FATAL] broker - brokerDetailsBasedonId  ^ broker name : Rosemary O’Brien ^ Broker licence status ^ brokerid :17
[2023-03-13T18:35:45.885] [FATAL] broker - brokerDetailsBasedonId  ^ broker name : Heather Freed ^ Broker licence status ^ No Licences
[2023-03-13T18:35:45.885] [FATAL] broker - brokerDetailsBasedonId  ^ broker name : Heather Freed ^ Broker licence status ^ No Licences
[2023-03-13T18:35:46.321] [FATAL] broker - brokerDetailsBasedonId  ^ broker name : Heather Freed ^ Broker licence status ^ brokerid :19
[2023-03-13T18:35:46.321] [FATAL] broker - brokerDetailsBasedonId  ^ broker name : Heather Freed ^ Broker licence status ^ brokerid :19
[2023-03-13T18:39:23.527] [FATAL] broker - brokerDetailsBasedonId  ^ broker name : Shawn Perryman ^ Broker licence status ^ No Licences
[2023-03-13T18:39:23.527] [FATAL] broker - brokerDetailsBasedonId  ^ broker name : Shawn Perryman ^ Broker licence status ^ No Licences
[2023-03-13T18:39:23.966] [FATAL] broker - brokerDetailsBasedonId  ^ broker name : Shawn Perryman ^ Broker licence status ^ brokerid :21
[2023-03-13T18:39:23.966] [FATAL] broker - brokerDetailsBasedonId  ^ broker name : Shawn Perryman ^ Broker licence status ^ brokerid :21
[2023-03-13T18:41:22.767] [FATAL] broker - brokerDetailsBasedonId  ^ broker name : Shawn Perryman ^ Broker licence status ^ No Licences
[2023-03-13T18:41:22.767] [FATAL] broker - brokerDetailsBasedonId  ^ broker name : Shawn Perryman ^ Broker licence status ^ No Licences
[2023-03-13T18:41:23.190] [FATAL] broker - brokerDetailsBasedonId  ^ broker name : Shawn Perryman ^ Broker licence status ^ brokerid :56
[2023-03-13T18:41:23.190] [FATAL] broker - brokerDetailsBasedonId  ^ broker name : Shawn Perryman ^ Broker licence status ^ brokerid :56
[2023-03-13T18:44:05.509] [FATAL] broker - brokerDetailsBasedonId  ^ broker name : Derek Szeto ^ Broker licence status ^ No Licences
[2023-03-13T18:44:05.509] [FATAL] broker - brokerDetailsBasedonId  ^ broker name : Derek Szeto ^ Broker licence status ^ No Licences
[2023-03-13T18:44:05.940] [FATAL] broker - brokerDetailsBasedonId  ^ broker name : Derek Szeto ^ Broker licence status ^ brokerid :22
[2023-03-13T18:44:05.940] [FATAL] broker - brokerDetailsBasedonId  ^ broker name : Derek Szeto ^ Broker licence status ^ brokerid :22
[2023-03-13T18:47:54.017] [FATAL] broker - brokerDetailsBasedonId  ^ broker name : Gus de la Fuente ^ Broker licence status ^ No Licences
[2023-03-13T18:47:54.017] [FATAL] broker - brokerDetailsBasedonId  ^ broker name : Gus de la Fuente ^ Broker licence status ^ No Licences
[2023-03-13T18:47:54.451] [FATAL] broker - brokerDetailsBasedonId  ^ broker name : Gus de la Fuente ^ Broker licence status ^ brokerid :23
[2023-03-13T18:47:54.451] [FATAL] broker - brokerDetailsBasedonId  ^ broker name : Gus de la Fuente ^ Broker licence status ^ brokerid :23
[2023-03-13T18:51:45.680] [FATAL] broker - brokerDetailsBasedonId  ^ broker name : Kris Sabramsky ^ Broker licence status ^ No Licences
[2023-03-13T18:51:45.680] [FATAL] broker - brokerDetailsBasedonId  ^ broker name : Kris Sabramsky ^ Broker licence status ^ No Licences
[2023-03-13T18:51:46.125] [FATAL] broker - brokerDetailsBasedonId  ^ broker name : Kris Sabramsky ^ Broker licence status ^ brokerid :24
[2023-03-13T18:51:46.125] [FATAL] broker - brokerDetailsBasedonId  ^ broker name : Kris Sabramsky ^ Broker licence status ^ brokerid :24
[2023-03-13T19:01:58.576] [FATAL] broker - brokerDetailsBasedonId  ^ broker name : Kyle McWhinnie ^ Broker licence status ^ No Licences
[2023-03-13T19:01:58.576] [FATAL] broker - brokerDetailsBasedonId  ^ broker name : Kyle McWhinnie ^ Broker licence status ^ No Licences
[2023-03-13T19:01:59.007] [FATAL] broker - brokerDetailsBasedonId  ^ broker name : Kyle McWhinnie ^ Broker licence status ^ brokerid :25
[2023-03-13T19:01:59.007] [FATAL] broker - brokerDetailsBasedonId  ^ broker name : Kyle McWhinnie ^ Broker licence status ^ brokerid :25
[2023-03-14T09:56:49.510] [FATAL] broker - brokerDetailsBasedonId  ^ broker name : Chris Gory ^ Broker licence status ^ No Licences
[2023-03-14T09:56:49.510] [FATAL] broker - brokerDetailsBasedonId  ^ broker name : Chris Gory ^ Broker licence status ^ No Licences
[2023-03-14T09:56:49.985] [FATAL] broker - brokerDetailsBasedonId  ^ broker name : Chris Gory ^ Broker licence status ^ brokerid :26
[2023-03-14T09:56:49.985] [FATAL] broker - brokerDetailsBasedonId  ^ broker name : Chris Gory ^ Broker licence status ^ brokerid :26
[2023-03-14T10:01:25.253] [FATAL] broker - brokerDetailsBasedonId  ^ broker name : Laurent Munier ^ Broker licence status ^ No Licences
[2023-03-14T10:01:25.253] [FATAL] broker - brokerDetailsBasedonId  ^ broker name : Laurent Munier ^ Broker licence status ^ No Licences
[2023-03-14T10:01:25.740] [FATAL] broker - brokerDetailsBasedonId  ^ broker name : Laurent Munier ^ Broker licence status ^ brokerid :27
[2023-03-14T10:01:25.740] [FATAL] broker - brokerDetailsBasedonId  ^ broker name : Laurent Munier ^ Broker licence status ^ brokerid :27
[2023-03-14T10:06:36.940] [FATAL] broker - brokerDetailsBasedonId  ^ broker name : Tanya McKechnie ^ Broker licence status ^ brokerid :3
[2023-03-14T10:06:36.940] [FATAL] broker - brokerDetailsBasedonId  ^ broker name : Tanya McKechnie ^ Broker licence status ^ brokerid :3
[2023-03-14T10:06:56.790] [FATAL] broker - brokerDetailsBasedonId  ^ broker name : Tanya McKechnie ^ Broker licence status ^ No Licences
[2023-03-14T10:06:56.790] [FATAL] broker - brokerDetailsBasedonId  ^ broker name : Tanya McKechnie ^ Broker licence status ^ No Licences
[2023-03-14T10:06:57.260] [FATAL] broker - brokerDetailsBasedonId  ^ broker name : Tanya McKechnie ^ Broker licence status ^ brokerid :28
[2023-03-14T10:06:57.260] [FATAL] broker - brokerDetailsBasedonId  ^ broker name : Tanya McKechnie ^ Broker licence status ^ brokerid :28
[2023-03-14T10:07:06.461] [FATAL] broker - brokerDetailsBasedonId  ^ broker name : Tanya McKechnie ^ Broker licence status ^ No Licences
[2023-03-14T10:07:06.461] [FATAL] broker - brokerDetailsBasedonId  ^ broker name : Tanya McKechnie ^ Broker licence status ^ No Licences
[2023-03-14T10:07:06.934] [FATAL] broker - brokerDetailsBasedonId  ^ broker name : Tanya McKechnie ^ Broker licence status ^ brokerid :29
[2023-03-14T10:07:06.934] [FATAL] broker - brokerDetailsBasedonId  ^ broker name : Tanya McKechnie ^ Broker licence status ^ brokerid :29
[2023-03-14T10:45:54.573] [FATAL] broker - brokerDetailsBasedonId  ^ broker name : Olga Morawczynski ^ Broker licence status ^ No Licences
[2023-03-14T10:45:54.573] [FATAL] broker - brokerDetailsBasedonId  ^ broker name : Olga Morawczynski ^ Broker licence status ^ No Licences
[2023-03-14T10:45:55.043] [FATAL] broker - brokerDetailsBasedonId  ^ broker name : Olga Morawczynski ^ Broker licence status ^ brokerid :30
[2023-03-14T10:45:55.043] [FATAL] broker - brokerDetailsBasedonId  ^ broker name : Olga Morawczynski ^ Broker licence status ^ brokerid :30
[2023-03-14T10:49:55.480] [FATAL] broker - brokerDetailsBasedonId  ^ broker name : Neill Hopkins ^ Broker licence status ^ No Licences
[2023-03-14T10:49:55.480] [FATAL] broker - brokerDetailsBasedonId  ^ broker name : Neill Hopkins ^ Broker licence status ^ No Licences
[2023-03-14T10:49:55.961] [FATAL] broker - brokerDetailsBasedonId  ^ broker name : Neill Hopkins ^ Broker licence status ^ brokerid :31
[2023-03-14T10:49:55.961] [FATAL] broker - brokerDetailsBasedonId  ^ broker name : Neill Hopkins ^ Broker licence status ^ brokerid :31
[2023-03-14T10:52:10.293] [FATAL] broker - brokerDetailsBasedonId  ^ broker name : Neill Hopkins ^ Broker licence status ^ No Licences
[2023-03-14T10:52:10.293] [FATAL] broker - brokerDetailsBasedonId  ^ broker name : Neill Hopkins ^ Broker licence status ^ No Licences
[2023-03-14T10:52:10.766] [FATAL] broker - brokerDetailsBasedonId  ^ broker name : Neill Hopkins ^ Broker licence status ^ brokerid :31
[2023-03-14T10:52:10.766] [FATAL] broker - brokerDetailsBasedonId  ^ broker name : Neill Hopkins ^ Broker licence status ^ brokerid :31
[2023-03-14T10:52:35.801] [FATAL] broker - brokerDetailsBasedonId  ^ broker name : Neill Hopkins ^ Broker licence status ^ No Licences
[2023-03-14T10:52:35.801] [FATAL] broker - brokerDetailsBasedonId  ^ broker name : Neill Hopkins ^ Broker licence status ^ No Licences
[2023-03-14T10:52:36.271] [FATAL] broker - brokerDetailsBasedonId  ^ broker name : Neill Hopkins ^ Broker licence status ^ brokerid :31
[2023-03-14T10:52:36.271] [FATAL] broker - brokerDetailsBasedonId  ^ broker name : Neill Hopkins ^ Broker licence status ^ brokerid :31
[2023-03-14T10:55:41.088] [FATAL] broker - brokerDetailsBasedonId  ^ broker name : Olga Morawczynski ^ Broker licence status ^ 21187807 expired id: Licence num:undefined province Id :12
[2023-03-14T10:55:41.088] [FATAL] broker - brokerDetailsBasedonId  ^ broker name : Olga Morawczynski ^ Broker licence status ^ 21187807 expired id: Licence num:undefined province Id :12
[2023-03-14T10:55:41.089] [FATAL] broker - brokerDetailsBasedonId  ^ broker name : Olga Morawczynski ^ Broker licence status ^ Licences are found Licence num:undefined province Id :1
[2023-03-14T10:55:41.089] [FATAL] broker - brokerDetailsBasedonId  ^ broker name : Olga Morawczynski ^ Broker licence status ^ Licences are found Licence num:undefined province Id :1
[2023-03-14T10:55:41.605] [FATAL] broker - brokerDetailsBasedonId  ^ broker name : Olga Morawczynski ^ Broker licence status ^ brokerid :30
[2023-03-14T10:55:41.605] [FATAL] broker - brokerDetailsBasedonId  ^ broker name : Olga Morawczynski ^ Broker licence status ^ brokerid :30
[2023-03-14T11:02:36.872] [FATAL] broker - brokerDetailsBasedonId  ^ broker name : Olga Morawczynski ^ Broker licence status ^ 21187807 expired id: Licence num:undefined province Id :12
[2023-03-14T11:02:36.872] [FATAL] broker - brokerDetailsBasedonId  ^ broker name : Olga Morawczynski ^ Broker licence status ^ 21187807 expired id: Licence num:undefined province Id :12
[2023-03-14T11:02:36.882] [FATAL] broker - brokerDetailsBasedonId  ^ broker name : Olga Morawczynski ^ Broker licence status ^ Licences are found Licence num:undefined province Id :1
[2023-03-14T11:02:36.882] [FATAL] broker - brokerDetailsBasedonId  ^ broker name : Olga Morawczynski ^ Broker licence status ^ Licences are found Licence num:undefined province Id :1
[2023-03-14T11:02:37.378] [FATAL] broker - brokerDetailsBasedonId  ^ broker name : Olga Morawczynski ^ Broker licence status ^ brokerid :30
[2023-03-14T11:02:37.378] [FATAL] broker - brokerDetailsBasedonId  ^ broker name : Olga Morawczynski ^ Broker licence status ^ brokerid :30
[2023-03-14T11:04:50.223] [FATAL] broker - brokerDetailsBasedonId  ^ broker name : Neill Hopkins ^ Broker licence status ^ No Licences
[2023-03-14T11:04:50.223] [FATAL] broker - brokerDetailsBasedonId  ^ broker name : Neill Hopkins ^ Broker licence status ^ No Licences
[2023-03-14T11:04:50.690] [FATAL] broker - brokerDetailsBasedonId  ^ broker name : Neill Hopkins ^ Broker licence status ^ brokerid :31
[2023-03-14T11:04:50.690] [FATAL] broker - brokerDetailsBasedonId  ^ broker name : Neill Hopkins ^ Broker licence status ^ brokerid :31
[2023-03-14T11:05:02.180] [FATAL] broker - brokerDetailsBasedonId  ^ broker name : Olga Morawczynski ^ Broker licence status ^ 21187807 expired id: Licence num:undefined province Id :12
[2023-03-14T11:05:02.180] [FATAL] broker - brokerDetailsBasedonId  ^ broker name : Olga Morawczynski ^ Broker licence status ^ 21187807 expired id: Licence num:undefined province Id :12
[2023-03-14T11:05:02.182] [FATAL] broker - brokerDetailsBasedonId  ^ broker name : Olga Morawczynski ^ Broker licence status ^ Licences are found Licence num:undefined province Id :1
[2023-03-14T11:05:02.182] [FATAL] broker - brokerDetailsBasedonId  ^ broker name : Olga Morawczynski ^ Broker licence status ^ Licences are found Licence num:undefined province Id :1
[2023-03-14T11:05:02.658] [FATAL] broker - brokerDetailsBasedonId  ^ broker name : Olga Morawczynski ^ Broker licence status ^ brokerid :30
[2023-03-14T11:05:02.658] [FATAL] broker - brokerDetailsBasedonId  ^ broker name : Olga Morawczynski ^ Broker licence status ^ brokerid :30
[2023-03-14T11:05:24.757] [FATAL] broker - brokerDetailsBasedonId  ^ broker name : Tanya McKechnie ^ Broker licence status ^ Licences are found Licence num:undefined province Id :12
[2023-03-14T11:05:24.757] [FATAL] broker - brokerDetailsBasedonId  ^ broker name : Tanya McKechnie ^ Broker licence status ^ Licences are found Licence num:undefined province Id :12
[2023-03-14T11:05:24.759] [FATAL] broker - brokerDetailsBasedonId  ^ broker name : Tanya McKechnie ^ Broker licence status ^ Licences are found Licence num:undefined province Id :1
[2023-03-14T11:05:24.759] [FATAL] broker - brokerDetailsBasedonId  ^ broker name : Tanya McKechnie ^ Broker licence status ^ Licences are found Licence num:undefined province Id :1
[2023-03-14T11:05:25.246] [FATAL] broker - brokerDetailsBasedonId  ^ broker name : Tanya McKechnie ^ Broker licence status ^ brokerid :29
[2023-03-14T11:05:25.246] [FATAL] broker - brokerDetailsBasedonId  ^ broker name : Tanya McKechnie ^ Broker licence status ^ brokerid :29
[2023-03-14T11:12:30.918] [ERROR] broker - brokerDetailsBasedonId  ^ 32 ^ Broker details based on id ^ Cannot read properties of null (reading 'expiryDate')
[2023-03-14T11:12:30.918] [ERROR] broker - brokerDetailsBasedonId  ^ 32 ^ Broker details based on id ^ Cannot read properties of null (reading 'expiryDate')
[2023-03-14T11:14:47.395] [FATAL] broker - brokerDetailsBasedonId  ^ broker name : Bryan McLoughlin ^ Broker licence status ^ No Licences
[2023-03-14T11:14:47.395] [FATAL] broker - brokerDetailsBasedonId  ^ broker name : Bryan McLoughlin ^ Broker licence status ^ No Licences
[2023-03-14T11:14:47.884] [FATAL] broker - brokerDetailsBasedonId  ^ broker name : Bryan McLoughlin ^ Broker licence status ^ brokerid :32
[2023-03-14T11:14:47.884] [FATAL] broker - brokerDetailsBasedonId  ^ broker name : Bryan McLoughlin ^ Broker licence status ^ brokerid :32
[2023-03-14T11:17:29.075] [FATAL] broker - brokerDetailsBasedonId  ^ broker name : William Snodgrass ^ Broker licence status ^ No Licences
[2023-03-14T11:17:29.075] [FATAL] broker - brokerDetailsBasedonId  ^ broker name : William Snodgrass ^ Broker licence status ^ No Licences
[2023-03-14T11:17:29.530] [FATAL] broker - brokerDetailsBasedonId  ^ broker name : William Snodgrass ^ Broker licence status ^ brokerid :33
[2023-03-14T11:17:29.530] [FATAL] broker - brokerDetailsBasedonId  ^ broker name : William Snodgrass ^ Broker licence status ^ brokerid :33
[2023-03-14T11:20:37.950] [FATAL] broker - brokerDetailsBasedonId  ^ broker name : Chantel Seib ^ Broker licence status ^ No Licences
[2023-03-14T11:20:37.950] [FATAL] broker - brokerDetailsBasedonId  ^ broker name : Chantel Seib ^ Broker licence status ^ No Licences
[2023-03-14T11:20:38.411] [FATAL] broker - brokerDetailsBasedonId  ^ broker name : Chantel Seib ^ Broker licence status ^ brokerid :34
[2023-03-14T11:20:38.411] [FATAL] broker - brokerDetailsBasedonId  ^ broker name : Chantel Seib ^ Broker licence status ^ brokerid :34
[2023-03-14T11:38:39.204] [FATAL] broker - brokerDetailsBasedonId  ^ broker name : Simon Reyers ^ Broker licence status ^ No Licences
[2023-03-14T11:38:39.204] [FATAL] broker - brokerDetailsBasedonId  ^ broker name : Simon Reyers ^ Broker licence status ^ No Licences
[2023-03-14T11:38:39.661] [FATAL] broker - brokerDetailsBasedonId  ^ broker name : Simon Reyers ^ Broker licence status ^ brokerid :35
[2023-03-14T11:38:39.661] [FATAL] broker - brokerDetailsBasedonId  ^ broker name : Simon Reyers ^ Broker licence status ^ brokerid :35
[2023-03-14T11:41:42.371] [FATAL] broker - brokerDetailsBasedonId  ^ broker name : Cheryl Soloman ^ Broker licence status ^ No Licences
[2023-03-14T11:41:42.371] [FATAL] broker - brokerDetailsBasedonId  ^ broker name : Cheryl Soloman ^ Broker licence status ^ No Licences
[2023-03-14T11:41:42.830] [FATAL] broker - brokerDetailsBasedonId  ^ broker name : Cheryl Soloman ^ Broker licence status ^ brokerid :36
[2023-03-14T11:41:42.830] [FATAL] broker - brokerDetailsBasedonId  ^ broker name : Cheryl Soloman ^ Broker licence status ^ brokerid :36
[2023-03-14T11:48:21.025] [FATAL] broker - brokerDetailsBasedonId  ^ broker name : House Clients (Gavin Mosley) ^ Broker licence status ^ No Licences
[2023-03-14T11:48:21.025] [FATAL] broker - brokerDetailsBasedonId  ^ broker name : House Clients (Gavin Mosley) ^ Broker licence status ^ No Licences
[2023-03-14T11:48:21.496] [FATAL] broker - brokerDetailsBasedonId  ^ broker name : House Clients (Gavin Mosley) ^ Broker licence status ^ brokerid :37
[2023-03-14T11:48:21.496] [FATAL] broker - brokerDetailsBasedonId  ^ broker name : House Clients (Gavin Mosley) ^ Broker licence status ^ brokerid :37
[2023-03-14T11:51:10.647] [FATAL] broker - brokerDetailsBasedonId  ^ broker name : Amr Galal ^ Broker licence status ^ No Licences
[2023-03-14T11:51:10.647] [FATAL] broker - brokerDetailsBasedonId  ^ broker name : Amr Galal ^ Broker licence status ^ No Licences
[2023-03-14T11:51:11.117] [FATAL] broker - brokerDetailsBasedonId  ^ broker name : Amr Galal ^ Broker licence status ^ brokerid :38
[2023-03-14T11:51:11.117] [FATAL] broker - brokerDetailsBasedonId  ^ broker name : Amr Galal ^ Broker licence status ^ brokerid :38
[2023-03-14T11:58:37.567] [FATAL] broker - brokerDetailsBasedonId  ^ broker name : Ian Keith ^ Broker licence status ^ No Licences
[2023-03-14T11:58:37.567] [FATAL] broker - brokerDetailsBasedonId  ^ broker name : Ian Keith ^ Broker licence status ^ No Licences
[2023-03-14T11:58:38.028] [FATAL] broker - brokerDetailsBasedonId  ^ broker name : Ian Keith ^ Broker licence status ^ brokerid :39
[2023-03-14T11:58:38.028] [FATAL] broker - brokerDetailsBasedonId  ^ broker name : Ian Keith ^ Broker licence status ^ brokerid :39
[2023-03-14T12:02:32.286] [FATAL] broker - brokerDetailsBasedonId  ^ broker name : Cedric Larigaldie ^ Broker licence status ^ No Licences
[2023-03-14T12:02:32.286] [FATAL] broker - brokerDetailsBasedonId  ^ broker name : Cedric Larigaldie ^ Broker licence status ^ No Licences
[2023-03-14T12:02:32.752] [FATAL] broker - brokerDetailsBasedonId  ^ broker name : Cedric Larigaldie ^ Broker licence status ^ brokerid :40
[2023-03-14T12:02:32.752] [FATAL] broker - brokerDetailsBasedonId  ^ broker name : Cedric Larigaldie ^ Broker licence status ^ brokerid :40
[2023-03-14T12:02:43.485] [FATAL] broker - brokerDetailsBasedonId  ^ broker name : Cedric Larigaldie ^ Broker licence status ^ No Licences
[2023-03-14T12:02:43.485] [FATAL] broker - brokerDetailsBasedonId  ^ broker name : Cedric Larigaldie ^ Broker licence status ^ No Licences
[2023-03-14T12:02:43.957] [FATAL] broker - brokerDetailsBasedonId  ^ broker name : Cedric Larigaldie ^ Broker licence status ^ brokerid :45
[2023-03-14T12:02:43.957] [FATAL] broker - brokerDetailsBasedonId  ^ broker name : Cedric Larigaldie ^ Broker licence status ^ brokerid :45
[2023-03-14T12:06:35.989] [FATAL] broker - brokerDetailsBasedonId  ^ broker name : Michael Wortsman ^ Broker licence status ^ No Licences
[2023-03-14T12:06:35.989] [FATAL] broker - brokerDetailsBasedonId  ^ broker name : Michael Wortsman ^ Broker licence status ^ No Licences
[2023-03-14T12:06:36.444] [FATAL] broker - brokerDetailsBasedonId  ^ broker name : Michael Wortsman ^ Broker licence status ^ brokerid :41
[2023-03-14T12:06:36.444] [FATAL] broker - brokerDetailsBasedonId  ^ broker name : Michael Wortsman ^ Broker licence status ^ brokerid :41
[2023-03-14T12:08:21.583] [FATAL] broker - brokerDetailsBasedonId  ^ broker name : David Mosley ^ Broker licence status ^ No Licences
[2023-03-14T12:08:21.583] [FATAL] broker - brokerDetailsBasedonId  ^ broker name : David Mosley ^ Broker licence status ^ No Licences
[2023-03-14T12:08:22.017] [FATAL] broker - brokerDetailsBasedonId  ^ broker name : David Mosley ^ Broker licence status ^ brokerid :6
[2023-03-14T12:08:22.017] [FATAL] broker - brokerDetailsBasedonId  ^ broker name : David Mosley ^ Broker licence status ^ brokerid :6
[2023-03-14T12:08:36.137] [FATAL] broker - brokerDetailsBasedonId  ^ broker name : David Mosley ^ Broker licence status ^ No Licences
[2023-03-14T12:08:36.137] [FATAL] broker - brokerDetailsBasedonId  ^ broker name : David Mosley ^ Broker licence status ^ No Licences
[2023-03-14T12:08:36.569] [FATAL] broker - brokerDetailsBasedonId  ^ broker name : David Mosley ^ Broker licence status ^ brokerid :43
[2023-03-14T12:08:36.569] [FATAL] broker - brokerDetailsBasedonId  ^ broker name : David Mosley ^ Broker licence status ^ brokerid :43
[2023-03-14T12:08:45.890] [FATAL] broker - brokerDetailsBasedonId  ^ broker name : David Mosley ^ Broker licence status ^ No Licences
[2023-03-14T12:08:45.890] [FATAL] broker - brokerDetailsBasedonId  ^ broker name : David Mosley ^ Broker licence status ^ No Licences
[2023-03-14T12:08:46.332] [FATAL] broker - brokerDetailsBasedonId  ^ broker name : David Mosley ^ Broker licence status ^ brokerid :44
[2023-03-14T12:08:46.332] [FATAL] broker - brokerDetailsBasedonId  ^ broker name : David Mosley ^ Broker licence status ^ brokerid :44
[2023-03-14T12:12:52.351] [FATAL] broker - brokerDetailsBasedonId  ^ broker name : Cedric Larigaldie ^ Broker licence status ^ Licences are found Licence num:undefined province Id :12
[2023-03-14T12:12:52.351] [FATAL] broker - brokerDetailsBasedonId  ^ broker name : Cedric Larigaldie ^ Broker licence status ^ Licences are found Licence num:undefined province Id :12
[2023-03-14T12:12:52.816] [FATAL] broker - brokerDetailsBasedonId  ^ broker name : Cedric Larigaldie ^ Broker licence status ^ brokerid :45
[2023-03-14T12:12:52.816] [FATAL] broker - brokerDetailsBasedonId  ^ broker name : Cedric Larigaldie ^ Broker licence status ^ brokerid :45
[2023-03-14T12:43:25.905] [FATAL] broker - brokerDetailsBasedonId  ^ broker name : Sarah Becker ^ Broker licence status ^ No Licences
[2023-03-14T12:43:25.905] [FATAL] broker - brokerDetailsBasedonId  ^ broker name : Sarah Becker ^ Broker licence status ^ No Licences
[2023-03-14T12:43:26.371] [FATAL] broker - brokerDetailsBasedonId  ^ broker name : Sarah Becker ^ Broker licence status ^ brokerid :46
[2023-03-14T12:43:26.371] [FATAL] broker - brokerDetailsBasedonId  ^ broker name : Sarah Becker ^ Broker licence status ^ brokerid :46
[2023-03-14T12:46:21.049] [FATAL] broker - brokerDetailsBasedonId  ^ broker name : Matt Aubrey ^ Broker licence status ^ brokerid :53
[2023-03-14T12:46:21.049] [FATAL] broker - brokerDetailsBasedonId  ^ broker name : Matt Aubrey ^ Broker licence status ^ brokerid :53
[2023-03-14T12:50:39.060] [FATAL] broker - brokerDetailsBasedonId  ^ broker name : Irina Robertson ^ Broker licence status ^ brokerid :54
[2023-03-14T12:50:39.060] [FATAL] broker - brokerDetailsBasedonId  ^ broker name : Irina Robertson ^ Broker licence status ^ brokerid :54
[2023-03-14T12:53:23.172] [FATAL] broker - brokerDetailsBasedonId  ^ broker name : Brad Beeler ^ Broker licence status ^ brokerid :55
[2023-03-14T12:53:23.172] [FATAL] broker - brokerDetailsBasedonId  ^ broker name : Brad Beeler ^ Broker licence status ^ brokerid :55
[2023-03-14T12:57:55.589] [FATAL] broker - brokerDetailsBasedonId  ^ broker name : Shane Bennett ^ Broker licence status ^ brokerid :57
[2023-03-14T12:57:55.589] [FATAL] broker - brokerDetailsBasedonId  ^ broker name : Shane Bennett ^ Broker licence status ^ brokerid :57
[2023-03-14T13:07:45.857] [FATAL] broker - brokerDetailsBasedonId  ^ broker name : Jay Nadler ^ Broker licence status ^ Licences are found Licence num:undefined province Id :1
[2023-03-14T13:07:45.857] [FATAL] broker - brokerDetailsBasedonId  ^ broker name : Jay Nadler ^ Broker licence status ^ Licences are found Licence num:undefined province Id :1
[2023-03-14T13:07:45.859] [FATAL] broker - brokerDetailsBasedonId  ^ broker name : Jay Nadler ^ Broker licence status ^ Licences are found Licence num:undefined province Id :14
[2023-03-14T13:07:45.859] [FATAL] broker - brokerDetailsBasedonId  ^ broker name : Jay Nadler ^ Broker licence status ^ Licences are found Licence num:undefined province Id :14
[2023-03-14T13:07:46.331] [FATAL] broker - brokerDetailsBasedonId  ^ broker name : Jay Nadler ^ Broker licence status ^ brokerid :68
[2023-03-14T13:07:46.331] [FATAL] broker - brokerDetailsBasedonId  ^ broker name : Jay Nadler ^ Broker licence status ^ brokerid :68
[2023-03-14T13:08:47.667] [FATAL] broker - brokerDetailsBasedonId  ^ broker name : Keray Scott ^ Broker licence status ^ No Licences
[2023-03-14T13:08:47.667] [FATAL] broker - brokerDetailsBasedonId  ^ broker name : Keray Scott ^ Broker licence status ^ No Licences
[2023-03-14T13:08:48.133] [FATAL] broker - brokerDetailsBasedonId  ^ broker name : Keray Scott ^ Broker licence status ^ brokerid :60
[2023-03-14T13:08:48.133] [FATAL] broker - brokerDetailsBasedonId  ^ broker name : Keray Scott ^ Broker licence status ^ brokerid :60
[2023-03-14T13:08:55.782] [FATAL] broker - brokerDetailsBasedonId  ^ broker name : Keray Scott ^ Broker licence status ^ No Licences
[2023-03-14T13:08:55.782] [FATAL] broker - brokerDetailsBasedonId  ^ broker name : Keray Scott ^ Broker licence status ^ No Licences
[2023-03-14T13:08:56.249] [FATAL] broker - brokerDetailsBasedonId  ^ broker name : Keray Scott ^ Broker licence status ^ brokerid :66
[2023-03-14T13:08:56.249] [FATAL] broker - brokerDetailsBasedonId  ^ broker name : Keray Scott ^ Broker licence status ^ brokerid :66
[2023-03-14T13:15:58.986] [FATAL] broker - brokerDetailsBasedonId  ^ broker name : Patrick Devitt ^ Broker licence status ^ Licences are found Licence num:undefined province Id :12
[2023-03-14T13:15:58.986] [FATAL] broker - brokerDetailsBasedonId  ^ broker name : Patrick Devitt ^ Broker licence status ^ Licences are found Licence num:undefined province Id :12
[2023-03-14T13:15:59.458] [FATAL] broker - brokerDetailsBasedonId  ^ broker name : Patrick Devitt ^ Broker licence status ^ brokerid :72
[2023-03-14T13:15:59.458] [FATAL] broker - brokerDetailsBasedonId  ^ broker name : Patrick Devitt ^ Broker licence status ^ brokerid :72
[2023-03-14T13:16:12.714] [FATAL] broker - brokerDetailsBasedonId  ^ broker name : Patrick Devitt ^ Broker licence status ^ Licences are found Licence num:undefined province Id :12
[2023-03-14T13:16:12.714] [FATAL] broker - brokerDetailsBasedonId  ^ broker name : Patrick Devitt ^ Broker licence status ^ Licences are found Licence num:undefined province Id :12
[2023-03-14T13:16:13.173] [FATAL] broker - brokerDetailsBasedonId  ^ broker name : Patrick Devitt ^ Broker licence status ^ brokerid :73
[2023-03-14T13:16:13.173] [FATAL] broker - brokerDetailsBasedonId  ^ broker name : Patrick Devitt ^ Broker licence status ^ brokerid :73
[2023-03-14T13:18:55.248] [FATAL] broker - brokerDetailsBasedonId  ^ broker name : Jennifer Thaker ^ Broker licence status ^ Licences are found Licence num:undefined province Id :14
[2023-03-14T13:18:55.248] [FATAL] broker - brokerDetailsBasedonId  ^ broker name : Jennifer Thaker ^ Broker licence status ^ Licences are found Licence num:undefined province Id :14
[2023-03-14T13:18:55.713] [FATAL] broker - brokerDetailsBasedonId  ^ broker name : Jennifer Thaker ^ Broker licence status ^ brokerid :71
[2023-03-14T13:18:55.713] [FATAL] broker - brokerDetailsBasedonId  ^ broker name : Jennifer Thaker ^ Broker licence status ^ brokerid :71
